<?xml version="1.0" encoding="UTF-8"?>
<coverage generated="1716614520399" clover="3.2.0">
  <project timestamp="1716614520399" name="All files">
    <metrics statements="128" coveredstatements="108" conditionals="20" coveredconditionals="9" methods="23" coveredmethods="22" elements="171" coveredelements="139" complexity="0" loc="128" ncloc="128" packages="7" files="13" classes="13"/>
    <package name="config">
      <metrics statements="2" coveredstatements="2" conditionals="2" coveredconditionals="2" methods="0" coveredmethods="0"/>
      <file name="config.js" path="C:\Users\16103\Downloads\Quinnipiac-2023-2024\Spring-Semester\SER330\e-commerce-store-updated\e-commerce-store-updated\e-comerce-backend\backend\config\config.js">
        <metrics statements="2" coveredstatements="2" conditionals="2" coveredconditionals="2" methods="0" coveredmethods="0"/>
        <line num="1" count="1" type="stmt"/>
        <line num="5" count="1" type="stmt"/>
      </file>
    </package>
    <package name="controller">
      <metrics statements="53" coveredstatements="42" conditionals="4" coveredconditionals="2" methods="10" coveredmethods="10"/>
      <file name="productControllers.js" path="C:\Users\16103\Downloads\Quinnipiac-2023-2024\Spring-Semester\SER330\e-commerce-store-updated\e-commerce-store-updated\e-comerce-backend\backend\controller\productControllers.js">
        <metrics statements="15" coveredstatements="11" conditionals="0" coveredconditionals="0" methods="4" coveredmethods="4"/>
        <line num="1" count="1" type="stmt"/>
        <line num="2" count="1" type="stmt"/>
        <line num="4" count="1" type="stmt"/>
        <line num="5" count="1" type="stmt"/>
        <line num="7" count="1" type="stmt"/>
        <line num="9" count="0" type="stmt"/>
        <line num="10" count="0" type="stmt"/>
        <line num="14" count="1" type="stmt"/>
        <line num="15" count="2" type="stmt"/>
        <line num="17" count="2" type="stmt"/>
        <line num="18" count="2" type="stmt"/>
        <line num="20" count="0" type="stmt"/>
        <line num="21" count="0" type="stmt"/>
        <line num="26" count="12" type="stmt"/>
        <line num="29" count="1" type="stmt"/>
      </file>
      <file name="user.controller.js" path="C:\Users\16103\Downloads\Quinnipiac-2023-2024\Spring-Semester\SER330\e-commerce-store-updated\e-commerce-store-updated\e-comerce-backend\backend\controller\user.controller.js">
        <metrics statements="38" coveredstatements="31" conditionals="4" coveredconditionals="2" methods="6" coveredmethods="6"/>
        <line num="1" count="1" type="stmt"/>
        <line num="2" count="1" type="stmt"/>
        <line num="4" count="1" type="stmt"/>
        <line num="5" count="1" type="stmt"/>
        <line num="6" count="1" type="stmt"/>
        <line num="8" count="1" type="stmt"/>
        <line num="9" count="1" type="stmt"/>
        <line num="10" count="1" type="stmt"/>
        <line num="11" count="1" type="stmt"/>
        <line num="15" count="1" type="stmt"/>
        <line num="16" count="1" type="stmt"/>
        <line num="17" count="1" type="stmt"/>
        <line num="19" count="0" type="stmt"/>
        <line num="20" count="0" type="stmt"/>
        <line num="21" count="0" type="stmt"/>
        <line num="25" count="1" type="stmt"/>
        <line num="26" count="1" type="stmt"/>
        <line num="27" count="1" type="stmt"/>
        <line num="28" count="1" type="stmt"/>
        <line num="30" count="1" type="stmt"/>
        <line num="32" count="1" type="cond" truecount="1" falsecount="1"/>
        <line num="33" count="0" type="stmt"/>
        <line num="36" count="1" type="stmt"/>
        <line num="38" count="1" type="cond" truecount="1" falsecount="1"/>
        <line num="39" count="1" type="stmt"/>
        <line num="40" count="1" type="stmt"/>
        <line num="41" count="1" type="stmt"/>
        <line num="43" count="0" type="stmt"/>
        <line num="45" count="0" type="stmt"/>
        <line num="46" count="0" type="stmt"/>
        <line num="50" count="1" type="stmt"/>
        <line num="51" count="1" type="stmt"/>
        <line num="53" count="1" type="stmt"/>
        <line num="57" count="1" type="stmt"/>
        <line num="58" count="1" type="stmt"/>
        <line num="60" count="1" type="stmt"/>
        <line num="65" count="2" type="stmt"/>
        <line num="67" count="1" type="stmt"/>
      </file>
    </package>
    <package name="data">
      <metrics statements="4" coveredstatements="4" conditionals="0" coveredconditionals="0" methods="0" coveredmethods="0"/>
      <file name="products.js" path="C:\Users\16103\Downloads\Quinnipiac-2023-2024\Spring-Semester\SER330\e-commerce-store-updated\e-commerce-store-updated\e-comerce-backend\backend\data\products.js">
        <metrics statements="2" coveredstatements="2" conditionals="0" coveredconditionals="0" methods="0" coveredmethods="0"/>
        <line num="1" count="1" type="stmt"/>
        <line num="64" count="1" type="stmt"/>
      </file>
      <file name="usersDb.js" path="C:\Users\16103\Downloads\Quinnipiac-2023-2024\Spring-Semester\SER330\e-commerce-store-updated\e-commerce-store-updated\e-comerce-backend\backend\data\usersDb.js">
        <metrics statements="2" coveredstatements="2" conditionals="0" coveredconditionals="0" methods="0" coveredmethods="0"/>
        <line num="1" count="1" type="stmt"/>
        <line num="14" count="1" type="stmt"/>
      </file>
    </package>
    <package name="middleware">
      <metrics statements="25" coveredstatements="17" conditionals="10" coveredconditionals="3" methods="4" coveredmethods="3"/>
      <file name="middleware.js" path="C:\Users\16103\Downloads\Quinnipiac-2023-2024\Spring-Semester\SER330\e-commerce-store-updated\e-commerce-store-updated\e-comerce-backend\backend\middleware\middleware.js">
        <metrics statements="25" coveredstatements="17" conditionals="10" coveredconditionals="3" methods="4" coveredmethods="3"/>
        <line num="1" count="1" type="stmt"/>
        <line num="2" count="1" type="stmt"/>
        <line num="3" count="1" type="stmt"/>
        <line num="5" count="1" type="stmt"/>
        <line num="6" count="0" type="cond" truecount="0" falsecount="4"/>
        <line num="9" count="1" type="stmt"/>
        <line num="10" count="1" type="stmt"/>
        <line num="11" count="1" type="cond" truecount="1" falsecount="1"/>
        <line num="12" count="0" type="stmt"/>
        <line num="13" count="0" type="stmt"/>
        <line num="14" count="1" type="cond" truecount="1" falsecount="1"/>
        <line num="15" count="0" type="stmt"/>
        <line num="16" count="0" type="stmt"/>
        <line num="19" count="1" type="stmt"/>
        <line num="20" count="1" type="stmt"/>
        <line num="21" count="1" type="stmt"/>
        <line num="22" count="1" type="cond" truecount="1" falsecount="1"/>
        <line num="27" count="1" type="stmt"/>
        <line num="29" count="1" type="stmt"/>
        <line num="31" count="1" type="stmt"/>
        <line num="33" count="0" type="stmt"/>
        <line num="36" count="0" type="stmt"/>
        <line num="37" count="0" type="stmt"/>
        <line num="42" count="2" type="stmt"/>
        <line num="45" count="1" type="stmt"/>
      </file>
    </package>
    <package name="models">
      <metrics statements="8" coveredstatements="8" conditionals="0" coveredconditionals="0" methods="0" coveredmethods="0"/>
      <file name="Product.js" path="C:\Users\16103\Downloads\Quinnipiac-2023-2024\Spring-Semester\SER330\e-commerce-store-updated\e-commerce-store-updated\e-comerce-backend\backend\models\Product.js">
        <metrics statements="4" coveredstatements="4" conditionals="0" coveredconditionals="0" methods="0" coveredmethods="0"/>
        <line num="1" count="1" type="stmt"/>
        <line num="3" count="1" type="stmt"/>
        <line num="26" count="1" type="stmt"/>
        <line num="28" count="1" type="stmt"/>
      </file>
      <file name="User.js" path="C:\Users\16103\Downloads\Quinnipiac-2023-2024\Spring-Semester\SER330\e-commerce-store-updated\e-commerce-store-updated\e-comerce-backend\backend\models\User.js">
        <metrics statements="4" coveredstatements="4" conditionals="0" coveredconditionals="0" methods="0" coveredmethods="0"/>
        <line num="1" count="1" type="stmt"/>
        <line num="3" count="1" type="stmt"/>
        <line num="21" count="1" type="stmt"/>
        <line num="22" count="1" type="stmt"/>
      </file>
    </package>
    <package name="routes">
      <metrics statements="19" coveredstatements="19" conditionals="0" coveredconditionals="0" methods="2" coveredmethods="2"/>
      <file name="productRoutes.js" path="C:\Users\16103\Downloads\Quinnipiac-2023-2024\Spring-Semester\SER330\e-commerce-store-updated\e-commerce-store-updated\e-comerce-backend\backend\routes\productRoutes.js">
        <metrics statements="6" coveredstatements="6" conditionals="0" coveredconditionals="0" methods="0" coveredmethods="0"/>
        <line num="1" count="1" type="stmt"/>
        <line num="2" count="1" type="stmt"/>
        <line num="6" count="1" type="stmt"/>
        <line num="8" count="1" type="stmt"/>
        <line num="9" count="1" type="stmt"/>
        <line num="11" count="1" type="stmt"/>
      </file>
      <file name="routesProductsApp.js" path="C:\Users\16103\Downloads\Quinnipiac-2023-2024\Spring-Semester\SER330\e-commerce-store-updated\e-commerce-store-updated\e-comerce-backend\backend\routes\routesProductsApp.js">
        <metrics statements="2" coveredstatements="2" conditionals="0" coveredconditionals="0" methods="1" coveredmethods="1"/>
        <line num="1" count="1" type="stmt"/>
        <line num="2" count="1" type="stmt"/>
      </file>
      <file name="routesUsersApp.js" path="C:\Users\16103\Downloads\Quinnipiac-2023-2024\Spring-Semester\SER330\e-commerce-store-updated\e-commerce-store-updated\e-comerce-backend\backend\routes\routesUsersApp.js">
        <metrics statements="2" coveredstatements="2" conditionals="0" coveredconditionals="0" methods="1" coveredmethods="1"/>
        <line num="1" count="1" type="stmt"/>
        <line num="2" count="1" type="stmt"/>
      </file>
      <file name="userRoutes.js" path="C:\Users\16103\Downloads\Quinnipiac-2023-2024\Spring-Semester\SER330\e-commerce-store-updated\e-commerce-store-updated\e-comerce-backend\backend\routes\userRoutes.js">
        <metrics statements="9" coveredstatements="9" conditionals="0" coveredconditionals="0" methods="0" coveredmethods="0"/>
        <line num="1" count="1" type="stmt"/>
        <line num="7" count="1" type="stmt"/>
        <line num="8" count="1" type="stmt"/>
        <line num="9" count="1" type="stmt"/>
        <line num="11" count="1" type="stmt"/>
        <line num="12" count="1" type="stmt"/>
        <line num="13" count="1" type="stmt"/>
        <line num="15" count="1" type="stmt"/>
        <line num="17" count="1" type="stmt"/>
      </file>
    </package>
    <package name="utils">
      <metrics statements="17" coveredstatements="16" conditionals="4" coveredconditionals="2" methods="7" coveredmethods="7"/>
      <file name="utility.function.js" path="C:\Users\16103\Downloads\Quinnipiac-2023-2024\Spring-Semester\SER330\e-commerce-store-updated\e-commerce-store-updated\e-comerce-backend\backend\utils\utility.function.js">
        <metrics statements="17" coveredstatements="16" conditionals="4" coveredconditionals="2" methods="7" coveredmethods="7"/>
        <line num="1" count="1" type="stmt"/>
        <line num="2" count="1" type="stmt"/>
        <line num="3" count="1" type="stmt"/>
        <line num="6" count="1" type="stmt"/>
        <line num="7" count="1" type="stmt"/>
        <line num="8" count="1" type="stmt"/>
        <line num="9" count="1" type="cond" truecount="1" falsecount="1"/>
        <line num="10" count="0" type="stmt"/>
        <line num="13" count="1" type="stmt"/>
        <line num="18" count="1" type="stmt"/>
        <line num="19" count="1" type="stmt"/>
        <line num="24" count="1" type="stmt"/>
        <line num="25" count="1" type="stmt"/>
        <line num="26" count="1" type="stmt"/>
        <line num="27" count="1" type="cond" truecount="1" falsecount="1"/>
        <line num="28" count="1" type="stmt"/>
        <line num="32" count="1" type="stmt"/>
      </file>
    </package>
  </project>
</coverage>
