{"C:\\Users\\16103\\Downloads\\Quinnipiac-2023-2024\\Spring-Semester\\SER330\\e-commerce-store-updated\\e-commerce-store-updated\\e-comerce-backend\\backend\\config\\config.js": {"path":"C:\\Users\\16103\\Downloads\\Quinnipiac-2023-2024\\Spring-Semester\\SER330\\e-commerce-store-updated\\e-commerce-store-updated\\e-comerce-backend\\backend\\config\\config.js","statementMap":{"0":{"start":{"line":1,"column":12},"end":{"line":4,"column":1}},"1":{"start":{"line":5,"column":0},"end":{"line":5,"column":22}}},"fnMap":{},"branchMap":{"0":{"loc":{"start":{"line":2,"column":7},"end":{"line":2,"column":58}},"type":"binary-expr","locations":[{"start":{"line":2,"column":7},"end":{"line":2,"column":29}},{"start":{"line":2,"column":33},"end":{"line":2,"column":58}}],"line":2}},"s":{"0":2,"1":2},"f":{},"b":{"0":[2,2]},"_coverageSchema":"1a1c01bbd47fc00a2c39e90264f33305004495a9","hash":"b1b14c9826f9e5bb74113f6f4e2dbb8ed472e9ae"}
,"C:\\Users\\16103\\Downloads\\Quinnipiac-2023-2024\\Spring-Semester\\SER330\\e-commerce-store-updated\\e-commerce-store-updated\\e-comerce-backend\\backend\\controller\\cart.controller.js": {"path":"C:\\Users\\16103\\Downloads\\Quinnipiac-2023-2024\\Spring-Semester\\SER330\\e-commerce-store-updated\\e-commerce-store-updated\\e-comerce-backend\\backend\\controller\\cart.controller.js","statementMap":{"0":{"start":{"line":1,"column":15},"end":{"line":1,"column":40}},"1":{"start":{"line":2,"column":19},"end":{"line":2,"column":21}},"2":{"start":{"line":4,"column":24},"end":{"line":15,"column":1}},"3":{"start":{"line":5,"column":2},"end":{"line":14,"column":3}},"4":{"start":{"line":7,"column":23},"end":{"line":7,"column":67}},"5":{"start":{"line":7,"column":34},"end":{"line":7,"column":67}},"6":{"start":{"line":8,"column":18},"end":{"line":8,"column":39}},"7":{"start":{"line":9,"column":25},"end":{"line":9,"column":68}},"8":{"start":{"line":10,"column":4},"end":{"line":10,"column":54}},"9":{"start":{"line":12,"column":4},"end":{"line":12,"column":20}},"10":{"start":{"line":13,"column":4},"end":{"line":13,"column":47}},"11":{"start":{"line":18,"column":26},"end":{"line":30,"column":1}},"12":{"start":{"line":19,"column":45},"end":{"line":19,"column":53}},"13":{"start":{"line":20,"column":2},"end":{"line":29,"column":3}},"14":{"start":{"line":21,"column":4},"end":{"line":21,"column":86}},"15":{"start":{"line":22,"column":24},"end":{"line":22,"column":68}},"16":{"start":{"line":22,"column":35},"end":{"line":22,"column":68}},"17":{"start":{"line":23,"column":18},"end":{"line":23,"column":39}},"18":{"start":{"line":24,"column":25},"end":{"line":24,"column":68}},"19":{"start":{"line":25,"column":4},"end":{"line":25,"column":54}},"20":{"start":{"line":27,"column":4},"end":{"line":27,"column":20}},"21":{"start":{"line":28,"column":4},"end":{"line":28,"column":47}},"22":{"start":{"line":31,"column":28},"end":{"line":43,"column":1}},"23":{"start":{"line":32,"column":2},"end":{"line":42,"column":3}},"24":{"start":{"line":34,"column":24},"end":{"line":34,"column":66}},"25":{"start":{"line":34,"column":35},"end":{"line":34,"column":66}},"26":{"start":{"line":35,"column":4},"end":{"line":35,"column":37}},"27":{"start":{"line":36,"column":18},"end":{"line":36,"column":39}},"28":{"start":{"line":37,"column":25},"end":{"line":37,"column":68}},"29":{"start":{"line":38,"column":4},"end":{"line":38,"column":68}},"30":{"start":{"line":40,"column":4},"end":{"line":40,"column":20}},"31":{"start":{"line":41,"column":4},"end":{"line":41,"column":47}},"32":{"start":{"line":46,"column":14},"end":{"line":46,"column":19}},"33":{"start":{"line":47,"column":2},"end":{"line":49,"column":3}},"34":{"start":{"line":48,"column":4},"end":{"line":48,"column":71}},"35":{"start":{"line":48,"column":36},"end":{"line":48,"column":69}},"36":{"start":{"line":50,"column":2},"end":{"line":50,"column":14}},"37":{"start":{"line":54,"column":2},"end":{"line":54,"column":35}},"38":{"start":{"line":58,"column":2},"end":{"line":58,"column":22}},"39":{"start":{"line":61,"column":0},"end":{"line":61,"column":90}}},"fnMap":{"0":{"name":"(anonymous_0)","decl":{"start":{"line":4,"column":24},"end":{"line":4,"column":25}},"loc":{"start":{"line":4,"column":44},"end":{"line":15,"column":1}},"line":4},"1":{"name":"(anonymous_1)","decl":{"start":{"line":7,"column":23},"end":{"line":7,"column":24}},"loc":{"start":{"line":7,"column":34},"end":{"line":7,"column":67}},"line":7},"2":{"name":"(anonymous_2)","decl":{"start":{"line":18,"column":26},"end":{"line":18,"column":27}},"loc":{"start":{"line":18,"column":46},"end":{"line":30,"column":1}},"line":18},"3":{"name":"(anonymous_3)","decl":{"start":{"line":22,"column":24},"end":{"line":22,"column":25}},"loc":{"start":{"line":22,"column":35},"end":{"line":22,"column":68}},"line":22},"4":{"name":"(anonymous_4)","decl":{"start":{"line":31,"column":28},"end":{"line":31,"column":29}},"loc":{"start":{"line":31,"column":48},"end":{"line":43,"column":1}},"line":31},"5":{"name":"(anonymous_5)","decl":{"start":{"line":34,"column":24},"end":{"line":34,"column":25}},"loc":{"start":{"line":34,"column":35},"end":{"line":34,"column":66}},"line":34},"6":{"name":"findAndDelete","decl":{"start":{"line":45,"column":9},"end":{"line":45,"column":22}},"loc":{"start":{"line":45,"column":30},"end":{"line":51,"column":1}},"line":45},"7":{"name":"(anonymous_7)","decl":{"start":{"line":48,"column":25},"end":{"line":48,"column":26}},"loc":{"start":{"line":48,"column":36},"end":{"line":48,"column":69}},"line":48},"8":{"name":"findElementsByCondition","decl":{"start":{"line":53,"column":9},"end":{"line":53,"column":32}},"loc":{"start":{"line":53,"column":53},"end":{"line":55,"column":1}},"line":53},"9":{"name":"getCorrectCarts","decl":{"start":{"line":57,"column":9},"end":{"line":57,"column":24}},"loc":{"start":{"line":57,"column":26},"end":{"line":59,"column":1}},"line":57}},"branchMap":{},"s":{"0":1,"1":1,"2":1,"3":1,"4":1,"5":2,"6":1,"7":1,"8":1,"9":0,"10":0,"11":1,"12":1,"13":1,"14":1,"15":1,"16":3,"17":1,"18":1,"19":1,"20":0,"21":0,"22":1,"23":1,"24":1,"25":3,"26":1,"27":1,"28":1,"29":1,"30":0,"31":0,"32":3,"33":3,"34":8,"35":22,"36":3,"37":3,"38":0,"39":1},"f":{"0":1,"1":2,"2":1,"3":3,"4":1,"5":3,"6":3,"7":22,"8":3,"9":0},"b":{},"_coverageSchema":"1a1c01bbd47fc00a2c39e90264f33305004495a9","hash":"204429638d3f135453074743baf399573d795eec"}
,"C:\\Users\\16103\\Downloads\\Quinnipiac-2023-2024\\Spring-Semester\\SER330\\e-commerce-store-updated\\e-commerce-store-updated\\e-comerce-backend\\backend\\controller\\productControllers.js": {"path":"C:\\Users\\16103\\Downloads\\Quinnipiac-2023-2024\\Spring-Semester\\SER330\\e-commerce-store-updated\\e-commerce-store-updated\\e-comerce-backend\\backend\\controller\\productControllers.js","statementMap":{"0":{"start":{"line":1,"column":17},"end":{"line":1,"column":44}},"1":{"start":{"line":3,"column":20},"end":{"line":10,"column":1}},"2":{"start":{"line":4,"column":2},"end":{"line":9,"column":3}},"3":{"start":{"line":5,"column":4},"end":{"line":5,"column":23}},"4":{"start":{"line":7,"column":4},"end":{"line":7,"column":25}},"5":{"start":{"line":8,"column":4},"end":{"line":8,"column":54}},"6":{"start":{"line":12,"column":23},"end":{"line":20,"column":1}},"7":{"start":{"line":13,"column":2},"end":{"line":19,"column":3}},"8":{"start":{"line":14,"column":20},"end":{"line":14,"column":72}},"9":{"start":{"line":15,"column":4},"end":{"line":15,"column":22}},"10":{"start":{"line":17,"column":4},"end":{"line":17,"column":25}},"11":{"start":{"line":18,"column":4},"end":{"line":18,"column":54}},"12":{"start":{"line":23,"column":2},"end":{"line":23,"column":60}},"13":{"start":{"line":23,"column":31},"end":{"line":23,"column":58}},"14":{"start":{"line":26,"column":0},"end":{"line":29,"column":2}}},"fnMap":{"0":{"name":"(anonymous_0)","decl":{"start":{"line":3,"column":20},"end":{"line":3,"column":21}},"loc":{"start":{"line":3,"column":40},"end":{"line":10,"column":1}},"line":3},"1":{"name":"(anonymous_1)","decl":{"start":{"line":12,"column":23},"end":{"line":12,"column":24}},"loc":{"start":{"line":12,"column":43},"end":{"line":20,"column":1}},"line":12},"2":{"name":"findElementByProperty","decl":{"start":{"line":22,"column":9},"end":{"line":22,"column":30}},"loc":{"start":{"line":22,"column":55},"end":{"line":24,"column":1}},"line":22},"3":{"name":"(anonymous_3)","decl":{"start":{"line":23,"column":20},"end":{"line":23,"column":21}},"loc":{"start":{"line":23,"column":31},"end":{"line":23,"column":58}},"line":23}},"branchMap":{},"s":{"0":1,"1":1,"2":1,"3":1,"4":0,"5":0,"6":1,"7":2,"8":2,"9":2,"10":0,"11":0,"12":2,"13":12,"14":1},"f":{"0":1,"1":2,"2":2,"3":12},"b":{},"_coverageSchema":"1a1c01bbd47fc00a2c39e90264f33305004495a9","hash":"43231fcce984c7b77daccca9bdeacf7073cdfccd"}
,"C:\\Users\\16103\\Downloads\\Quinnipiac-2023-2024\\Spring-Semester\\SER330\\e-commerce-store-updated\\e-commerce-store-updated\\e-comerce-backend\\backend\\controller\\user.controller.js": {"path":"C:\\Users\\16103\\Downloads\\Quinnipiac-2023-2024\\Spring-Semester\\SER330\\e-commerce-store-updated\\e-commerce-store-updated\\e-comerce-backend\\backend\\controller\\user.controller.js","statementMap":{"0":{"start":{"line":1,"column":15},"end":{"line":1,"column":32}},"1":{"start":{"line":2,"column":28},"end":{"line":2,"column":63}},"2":{"start":{"line":3,"column":34},"end":{"line":3,"column":70}},"3":{"start":{"line":4,"column":16},"end":{"line":4,"column":42}},"4":{"start":{"line":6,"column":19},"end":{"line":21,"column":1}},"5":{"start":{"line":7,"column":38},"end":{"line":7,"column":46}},"6":{"start":{"line":8,"column":2},"end":{"line":20,"column":3}},"7":{"start":{"line":9,"column":17},"end":{"line":9,"column":47}},"8":{"start":{"line":13,"column":4},"end":{"line":13,"column":68}},"9":{"start":{"line":14,"column":4},"end":{"line":14,"column":54}},"10":{"start":{"line":15,"column":4},"end":{"line":15,"column":10}},"11":{"start":{"line":17,"column":4},"end":{"line":17,"column":33}},"12":{"start":{"line":18,"column":4},"end":{"line":18,"column":67}},"13":{"start":{"line":19,"column":4},"end":{"line":19,"column":10}},"14":{"start":{"line":23,"column":19},"end":{"line":46,"column":1}},"15":{"start":{"line":24,"column":28},"end":{"line":24,"column":36}},"16":{"start":{"line":25,"column":2},"end":{"line":25,"column":23}},"17":{"start":{"line":26,"column":2},"end":{"line":45,"column":3}},"18":{"start":{"line":28,"column":17},"end":{"line":28,"column":63}},"19":{"start":{"line":30,"column":4},"end":{"line":32,"column":5}},"20":{"start":{"line":31,"column":6},"end":{"line":31,"column":64}},"21":{"start":{"line":34,"column":17},"end":{"line":34,"column":61}},"22":{"start":{"line":36,"column":4},"end":{"line":40,"column":5}},"23":{"start":{"line":37,"column":18},"end":{"line":37,"column":32}},"24":{"start":{"line":38,"column":6},"end":{"line":38,"column":49}},"25":{"start":{"line":39,"column":6},"end":{"line":39,"column":12}},"26":{"start":{"line":41,"column":4},"end":{"line":41,"column":53}},"27":{"start":{"line":43,"column":4},"end":{"line":43,"column":28}},"28":{"start":{"line":44,"column":4},"end":{"line":44,"column":47}},"29":{"start":{"line":48,"column":16},"end":{"line":52,"column":1}},"30":{"start":{"line":49,"column":2},"end":{"line":49,"column":22}},"31":{"start":{"line":51,"column":2},"end":{"line":51,"column":40}},"32":{"start":{"line":55,"column":17},"end":{"line":59,"column":1}},"33":{"start":{"line":56,"column":2},"end":{"line":56,"column":26}},"34":{"start":{"line":58,"column":2},"end":{"line":58,"column":31}},"35":{"start":{"line":63,"column":2},"end":{"line":63,"column":60}},"36":{"start":{"line":63,"column":31},"end":{"line":63,"column":58}},"37":{"start":{"line":66,"column":0},"end":{"line":66,"column":60}}},"fnMap":{"0":{"name":"(anonymous_0)","decl":{"start":{"line":6,"column":19},"end":{"line":6,"column":20}},"loc":{"start":{"line":6,"column":39},"end":{"line":21,"column":1}},"line":6},"1":{"name":"(anonymous_1)","decl":{"start":{"line":23,"column":19},"end":{"line":23,"column":20}},"loc":{"start":{"line":23,"column":39},"end":{"line":46,"column":1}},"line":23},"2":{"name":"(anonymous_2)","decl":{"start":{"line":48,"column":16},"end":{"line":48,"column":17}},"loc":{"start":{"line":48,"column":36},"end":{"line":52,"column":1}},"line":48},"3":{"name":"(anonymous_3)","decl":{"start":{"line":55,"column":17},"end":{"line":55,"column":18}},"loc":{"start":{"line":55,"column":37},"end":{"line":59,"column":1}},"line":55},"4":{"name":"findElementByProperty","decl":{"start":{"line":62,"column":9},"end":{"line":62,"column":30}},"loc":{"start":{"line":62,"column":55},"end":{"line":64,"column":1}},"line":62},"5":{"name":"(anonymous_5)","decl":{"start":{"line":63,"column":20},"end":{"line":63,"column":21}},"loc":{"start":{"line":63,"column":31},"end":{"line":63,"column":58}},"line":63}},"branchMap":{"0":{"loc":{"start":{"line":30,"column":4},"end":{"line":32,"column":5}},"type":"if","locations":[{"start":{"line":30,"column":4},"end":{"line":32,"column":5}},{"start":{},"end":{}}],"line":30},"1":{"loc":{"start":{"line":36,"column":4},"end":{"line":40,"column":5}},"type":"if","locations":[{"start":{"line":36,"column":4},"end":{"line":40,"column":5}},{"start":{},"end":{}}],"line":36}},"s":{"0":2,"1":2,"2":2,"3":2,"4":2,"5":1,"6":1,"7":1,"8":1,"9":1,"10":1,"11":0,"12":0,"13":0,"14":2,"15":2,"16":2,"17":2,"18":2,"19":2,"20":0,"21":2,"22":2,"23":2,"24":2,"25":2,"26":0,"27":0,"28":0,"29":2,"30":1,"31":1,"32":2,"33":1,"34":1,"35":2,"36":4,"37":2},"f":{"0":1,"1":2,"2":1,"3":1,"4":2,"5":4},"b":{"0":[0,2],"1":[2,0]},"_coverageSchema":"1a1c01bbd47fc00a2c39e90264f33305004495a9","hash":"e9abb3ef5441cc8d6c228f000342dc7065c17e4b"}
,"C:\\Users\\16103\\Downloads\\Quinnipiac-2023-2024\\Spring-Semester\\SER330\\e-commerce-store-updated\\e-commerce-store-updated\\e-comerce-backend\\backend\\data\\cartDb.js": {"path":"C:\\Users\\16103\\Downloads\\Quinnipiac-2023-2024\\Spring-Semester\\SER330\\e-commerce-store-updated\\e-commerce-store-updated\\e-comerce-backend\\backend\\data\\cartDb.js","statementMap":{"0":{"start":{"line":1,"column":23},"end":{"line":13,"column":2}},"1":{"start":{"line":15,"column":0},"end":{"line":15,"column":32}}},"fnMap":{},"branchMap":{},"s":{"0":1,"1":1},"f":{},"b":{},"_coverageSchema":"1a1c01bbd47fc00a2c39e90264f33305004495a9","hash":"8e71493027a258a2ffd2d997fdbeb5389fcd03ad"}
,"C:\\Users\\16103\\Downloads\\Quinnipiac-2023-2024\\Spring-Semester\\SER330\\e-commerce-store-updated\\e-commerce-store-updated\\e-comerce-backend\\backend\\data\\products.js": {"path":"C:\\Users\\16103\\Downloads\\Quinnipiac-2023-2024\\Spring-Semester\\SER330\\e-commerce-store-updated\\e-commerce-store-updated\\e-comerce-backend\\backend\\data\\products.js","statementMap":{"0":{"start":{"line":1,"column":17},"end":{"line":62,"column":1}},"1":{"start":{"line":64,"column":0},"end":{"line":64,"column":26}}},"fnMap":{},"branchMap":{},"s":{"0":1,"1":1},"f":{},"b":{},"_coverageSchema":"1a1c01bbd47fc00a2c39e90264f33305004495a9","hash":"ecd621e397c6edabc899bbd0acf727ea3120ca38"}
,"C:\\Users\\16103\\Downloads\\Quinnipiac-2023-2024\\Spring-Semester\\SER330\\e-commerce-store-updated\\e-commerce-store-updated\\e-comerce-backend\\backend\\data\\usersDb.js": {"path":"C:\\Users\\16103\\Downloads\\Quinnipiac-2023-2024\\Spring-Semester\\SER330\\e-commerce-store-updated\\e-commerce-store-updated\\e-comerce-backend\\backend\\data\\usersDb.js","statementMap":{"0":{"start":{"line":1,"column":24},"end":{"line":12,"column":1}},"1":{"start":{"line":14,"column":0},"end":{"line":14,"column":33}}},"fnMap":{},"branchMap":{},"s":{"0":2,"1":2},"f":{},"b":{},"_coverageSchema":"1a1c01bbd47fc00a2c39e90264f33305004495a9","hash":"680592a6bcb87b7dbc5eec40941fe3a0616346d5"}
,"C:\\Users\\16103\\Downloads\\Quinnipiac-2023-2024\\Spring-Semester\\SER330\\e-commerce-store-updated\\e-commerce-store-updated\\e-comerce-backend\\backend\\middleware\\middleware.js": {"path":"C:\\Users\\16103\\Downloads\\Quinnipiac-2023-2024\\Spring-Semester\\SER330\\e-commerce-store-updated\\e-commerce-store-updated\\e-comerce-backend\\backend\\middleware\\middleware.js","statementMap":{"0":{"start":{"line":1,"column":13},"end":{"line":1,"column":38}},"1":{"start":{"line":2,"column":16},"end":{"line":2,"column":42}},"2":{"start":{"line":3,"column":22},"end":{"line":3,"column":58}},"3":{"start":{"line":5,"column":26},"end":{"line":7,"column":1}},"4":{"start":{"line":6,"column":2},"end":{"line":6,"column":70}},"5":{"start":{"line":9,"column":19},"end":{"line":39,"column":1}},"6":{"start":{"line":10,"column":26},"end":{"line":10,"column":37}},"7":{"start":{"line":11,"column":2},"end":{"line":17,"column":3}},"8":{"start":{"line":12,"column":4},"end":{"line":12,"column":67}},"9":{"start":{"line":13,"column":4},"end":{"line":13,"column":10}},"10":{"start":{"line":14,"column":9},"end":{"line":17,"column":3}},"11":{"start":{"line":15,"column":4},"end":{"line":15,"column":58}},"12":{"start":{"line":16,"column":4},"end":{"line":16,"column":10}},"13":{"start":{"line":19,"column":2},"end":{"line":38,"column":3}},"14":{"start":{"line":20,"column":20},"end":{"line":20,"column":66}},"15":{"start":{"line":21,"column":4},"end":{"line":21,"column":24}},"16":{"start":{"line":22,"column":4},"end":{"line":34,"column":5}},"17":{"start":{"line":27,"column":19},"end":{"line":27,"column":90}},"18":{"start":{"line":29,"column":6},"end":{"line":29,"column":24}},"19":{"start":{"line":31,"column":6},"end":{"line":31,"column":12}},"20":{"start":{"line":33,"column":6},"end":{"line":33,"column":60}},"21":{"start":{"line":36,"column":4},"end":{"line":36,"column":30}},"22":{"start":{"line":37,"column":4},"end":{"line":37,"column":47}},"23":{"start":{"line":42,"column":2},"end":{"line":42,"column":60}},"24":{"start":{"line":42,"column":31},"end":{"line":42,"column":58}},"25":{"start":{"line":45,"column":0},"end":{"line":48,"column":1}}},"fnMap":{"0":{"name":"(anonymous_0)","decl":{"start":{"line":5,"column":26},"end":{"line":5,"column":27}},"loc":{"start":{"line":5,"column":52},"end":{"line":7,"column":1}},"line":5},"1":{"name":"(anonymous_1)","decl":{"start":{"line":9,"column":19},"end":{"line":9,"column":20}},"loc":{"start":{"line":9,"column":45},"end":{"line":39,"column":1}},"line":9},"2":{"name":"findElementByProperty","decl":{"start":{"line":41,"column":9},"end":{"line":41,"column":30}},"loc":{"start":{"line":41,"column":55},"end":{"line":43,"column":1}},"line":41},"3":{"name":"(anonymous_3)","decl":{"start":{"line":42,"column":20},"end":{"line":42,"column":21}},"loc":{"start":{"line":42,"column":31},"end":{"line":42,"column":58}},"line":42}},"branchMap":{"0":{"loc":{"start":{"line":6,"column":13},"end":{"line":6,"column":30}},"type":"binary-expr","locations":[{"start":{"line":6,"column":13},"end":{"line":6,"column":23}},{"start":{"line":6,"column":27},"end":{"line":6,"column":30}}],"line":6},"1":{"loc":{"start":{"line":6,"column":37},"end":{"line":6,"column":69}},"type":"cond-expr","locations":[{"start":{"line":6,"column":45},"end":{"line":6,"column":48}},{"start":{"line":6,"column":51},"end":{"line":6,"column":69}}],"line":6},"2":{"loc":{"start":{"line":11,"column":2},"end":{"line":17,"column":3}},"type":"if","locations":[{"start":{"line":11,"column":2},"end":{"line":17,"column":3}},{"start":{"line":14,"column":9},"end":{"line":17,"column":3}}],"line":11},"3":{"loc":{"start":{"line":14,"column":9},"end":{"line":17,"column":3}},"type":"if","locations":[{"start":{"line":14,"column":9},"end":{"line":17,"column":3}},{"start":{},"end":{}}],"line":14},"4":{"loc":{"start":{"line":22,"column":4},"end":{"line":34,"column":5}},"type":"if","locations":[{"start":{"line":22,"column":4},"end":{"line":34,"column":5}},{"start":{"line":32,"column":11},"end":{"line":34,"column":5}}],"line":22}},"s":{"0":2,"1":2,"2":2,"3":2,"4":0,"5":2,"6":4,"7":4,"8":0,"9":0,"10":4,"11":0,"12":0,"13":4,"14":4,"15":4,"16":4,"17":4,"18":4,"19":4,"20":0,"21":0,"22":0,"23":4,"24":8,"25":2},"f":{"0":0,"1":4,"2":4,"3":8},"b":{"0":[0,0],"1":[0,0],"2":[0,4],"3":[0,4],"4":[4,0]},"_coverageSchema":"1a1c01bbd47fc00a2c39e90264f33305004495a9","hash":"1c9976170f6d79cf705f2a057d24098bb197d493"}
,"C:\\Users\\16103\\Downloads\\Quinnipiac-2023-2024\\Spring-Semester\\SER330\\e-commerce-store-updated\\e-commerce-store-updated\\e-comerce-backend\\backend\\models\\User.js": {"path":"C:\\Users\\16103\\Downloads\\Quinnipiac-2023-2024\\Spring-Semester\\SER330\\e-commerce-store-updated\\e-commerce-store-updated\\e-comerce-backend\\backend\\models\\User.js","statementMap":{"0":{"start":{"line":1,"column":17},"end":{"line":1,"column":36}},"1":{"start":{"line":3,"column":19},"end":{"line":19,"column":1}},"2":{"start":{"line":21,"column":13},"end":{"line":21,"column":47}},"3":{"start":{"line":22,"column":0},"end":{"line":22,"column":21}}},"fnMap":{},"branchMap":{},"s":{"0":2,"1":2,"2":2,"3":2},"f":{},"b":{},"_coverageSchema":"1a1c01bbd47fc00a2c39e90264f33305004495a9","hash":"b6af351c8773821ee60d5d3d9ce465ed9359ad0d"}
,"C:\\Users\\16103\\Downloads\\Quinnipiac-2023-2024\\Spring-Semester\\SER330\\e-commerce-store-updated\\e-commerce-store-updated\\e-comerce-backend\\backend\\routes\\cartRoutes.js": {"path":"C:\\Users\\16103\\Downloads\\Quinnipiac-2023-2024\\Spring-Semester\\SER330\\e-commerce-store-updated\\e-commerce-store-updated\\e-comerce-backend\\backend\\routes\\cartRoutes.js","statementMap":{"0":{"start":{"line":1,"column":16},"end":{"line":1,"column":34}},"1":{"start":{"line":6,"column":4},"end":{"line":6,"column":44}},"2":{"start":{"line":7,"column":21},"end":{"line":7,"column":56}},"3":{"start":{"line":8,"column":15},"end":{"line":8,"column":31}},"4":{"start":{"line":10,"column":0},"end":{"line":13,"column":39}},"5":{"start":{"line":15,"column":0},"end":{"line":15,"column":62}},"6":{"start":{"line":17,"column":0},"end":{"line":17,"column":23}}},"fnMap":{},"branchMap":{},"s":{"0":1,"1":1,"2":1,"3":1,"4":1,"5":1,"6":1},"f":{},"b":{},"_coverageSchema":"1a1c01bbd47fc00a2c39e90264f33305004495a9","hash":"1f5bfdbbc3f7ea23b70226ef7def18c00817254d"}
,"C:\\Users\\16103\\Downloads\\Quinnipiac-2023-2024\\Spring-Semester\\SER330\\e-commerce-store-updated\\e-commerce-store-updated\\e-comerce-backend\\backend\\routes\\productRoutes.js": {"path":"C:\\Users\\16103\\Downloads\\Quinnipiac-2023-2024\\Spring-Semester\\SER330\\e-commerce-store-updated\\e-commerce-store-updated\\e-comerce-backend\\backend\\routes\\productRoutes.js","statementMap":{"0":{"start":{"line":1,"column":16},"end":{"line":1,"column":34}},"1":{"start":{"line":2,"column":15},"end":{"line":2,"column":31}},"2":{"start":{"line":6,"column":4},"end":{"line":6,"column":47}},"3":{"start":{"line":8,"column":0},"end":{"line":8,"column":29}},"4":{"start":{"line":9,"column":0},"end":{"line":9,"column":35}},"5":{"start":{"line":11,"column":0},"end":{"line":11,"column":24}}},"fnMap":{},"branchMap":{},"s":{"0":1,"1":1,"2":1,"3":1,"4":1,"5":1},"f":{},"b":{},"_coverageSchema":"1a1c01bbd47fc00a2c39e90264f33305004495a9","hash":"7de12786eeaaa62346200484f40a5181eb938d56"}
,"C:\\Users\\16103\\Downloads\\Quinnipiac-2023-2024\\Spring-Semester\\SER330\\e-commerce-store-updated\\e-commerce-store-updated\\e-comerce-backend\\backend\\routes\\routesCartApp.js": {"path":"C:\\Users\\16103\\Downloads\\Quinnipiac-2023-2024\\Spring-Semester\\SER330\\e-commerce-store-updated\\e-commerce-store-updated\\e-comerce-backend\\backend\\routes\\routesCartApp.js","statementMap":{"0":{"start":{"line":1,"column":0},"end":{"line":3,"column":2}},"1":{"start":{"line":2,"column":4},"end":{"line":2,"column":49}}},"fnMap":{"0":{"name":"(anonymous_0)","decl":{"start":{"line":1,"column":17},"end":{"line":1,"column":18}},"loc":{"start":{"line":1,"column":32},"end":{"line":3,"column":1}},"line":1}},"branchMap":{},"s":{"0":1,"1":1},"f":{"0":1},"b":{},"_coverageSchema":"1a1c01bbd47fc00a2c39e90264f33305004495a9","hash":"537cc1799f66c2ef456386e0e29ec1e61c7afc98"}
,"C:\\Users\\16103\\Downloads\\Quinnipiac-2023-2024\\Spring-Semester\\SER330\\e-commerce-store-updated\\e-commerce-store-updated\\e-comerce-backend\\backend\\routes\\routesProductsApp.js": {"path":"C:\\Users\\16103\\Downloads\\Quinnipiac-2023-2024\\Spring-Semester\\SER330\\e-commerce-store-updated\\e-commerce-store-updated\\e-comerce-backend\\backend\\routes\\routesProductsApp.js","statementMap":{"0":{"start":{"line":1,"column":0},"end":{"line":3,"column":4}},"1":{"start":{"line":2,"column":4},"end":{"line":2,"column":56}}},"fnMap":{"0":{"name":"(anonymous_0)","decl":{"start":{"line":1,"column":17},"end":{"line":1,"column":18}},"loc":{"start":{"line":1,"column":32},"end":{"line":3,"column":3}},"line":1}},"branchMap":{},"s":{"0":1,"1":1},"f":{"0":1},"b":{},"_coverageSchema":"1a1c01bbd47fc00a2c39e90264f33305004495a9","hash":"3073e8390ac8e766198edfa28d437b7fdb724196"}
,"C:\\Users\\16103\\Downloads\\Quinnipiac-2023-2024\\Spring-Semester\\SER330\\e-commerce-store-updated\\e-commerce-store-updated\\e-comerce-backend\\backend\\routes\\routesUsersApp.js": {"path":"C:\\Users\\16103\\Downloads\\Quinnipiac-2023-2024\\Spring-Semester\\SER330\\e-commerce-store-updated\\e-commerce-store-updated\\e-comerce-backend\\backend\\routes\\routesUsersApp.js","statementMap":{"0":{"start":{"line":1,"column":0},"end":{"line":3,"column":4}},"1":{"start":{"line":2,"column":4},"end":{"line":2,"column":49}}},"fnMap":{"0":{"name":"(anonymous_0)","decl":{"start":{"line":1,"column":17},"end":{"line":1,"column":18}},"loc":{"start":{"line":1,"column":32},"end":{"line":3,"column":3}},"line":1}},"branchMap":{},"s":{"0":2,"1":2},"f":{"0":2},"b":{},"_coverageSchema":"1a1c01bbd47fc00a2c39e90264f33305004495a9","hash":"91b06f77d768642a3645a30350f555dc31bdcb50"}
,"C:\\Users\\16103\\Downloads\\Quinnipiac-2023-2024\\Spring-Semester\\SER330\\e-commerce-store-updated\\e-commerce-store-updated\\e-comerce-backend\\backend\\routes\\userRoutes.js": {"path":"C:\\Users\\16103\\Downloads\\Quinnipiac-2023-2024\\Spring-Semester\\SER330\\e-commerce-store-updated\\e-commerce-store-updated\\e-comerce-backend\\backend\\routes\\userRoutes.js","statementMap":{"0":{"start":{"line":1,"column":16},"end":{"line":1,"column":34}},"1":{"start":{"line":7,"column":4},"end":{"line":7,"column":44}},"2":{"start":{"line":8,"column":21},"end":{"line":8,"column":56}},"3":{"start":{"line":9,"column":15},"end":{"line":9,"column":31}},"4":{"start":{"line":11,"column":0},"end":{"line":11,"column":26}},"5":{"start":{"line":12,"column":0},"end":{"line":12,"column":34}},"6":{"start":{"line":13,"column":0},"end":{"line":13,"column":34}},"7":{"start":{"line":15,"column":0},"end":{"line":15,"column":46}},"8":{"start":{"line":17,"column":0},"end":{"line":17,"column":23}}},"fnMap":{},"branchMap":{},"s":{"0":2,"1":2,"2":2,"3":2,"4":2,"5":2,"6":2,"7":2,"8":2},"f":{},"b":{},"_coverageSchema":"1a1c01bbd47fc00a2c39e90264f33305004495a9","hash":"541ad6dcdd19a6cf39fac4acb022b90b3005df3d"}
,"C:\\Users\\16103\\Downloads\\Quinnipiac-2023-2024\\Spring-Semester\\SER330\\e-commerce-store-updated\\e-commerce-store-updated\\e-comerce-backend\\backend\\utils\\utility.function.js": {"path":"C:\\Users\\16103\\Downloads\\Quinnipiac-2023-2024\\Spring-Semester\\SER330\\e-commerce-store-updated\\e-commerce-store-updated\\e-comerce-backend\\backend\\utils\\utility.function.js","statementMap":{"0":{"start":{"line":1,"column":15},"end":{"line":1,"column":32}},"1":{"start":{"line":2,"column":12},"end":{"line":2,"column":35}},"2":{"start":{"line":3,"column":14},"end":{"line":3,"column":41}},"3":{"start":{"line":6,"column":22},"end":{"line":16,"column":1}},"4":{"start":{"line":7,"column":2},"end":{"line":15,"column":4}},"5":{"start":{"line":8,"column":4},"end":{"line":14,"column":6}},"6":{"start":{"line":9,"column":6},"end":{"line":11,"column":7}},"7":{"start":{"line":10,"column":8},"end":{"line":10,"column":19}},"8":{"start":{"line":13,"column":6},"end":{"line":13,"column":19}},"9":{"start":{"line":18,"column":17},"end":{"line":22,"column":1}},"10":{"start":{"line":19,"column":2},"end":{"line":21,"column":4}},"11":{"start":{"line":24,"column":20},"end":{"line":30,"column":4}},"12":{"start":{"line":25,"column":2},"end":{"line":30,"column":4}},"13":{"start":{"line":26,"column":4},"end":{"line":29,"column":6}},"14":{"start":{"line":27,"column":6},"end":{"line":27,"column":33}},"15":{"start":{"line":27,"column":15},"end":{"line":27,"column":33}},"16":{"start":{"line":28,"column":6},"end":{"line":28,"column":22}},"17":{"start":{"line":32,"column":0},"end":{"line":32,"column":55}}},"fnMap":{"0":{"name":"(anonymous_0)","decl":{"start":{"line":6,"column":22},"end":{"line":6,"column":23}},"loc":{"start":{"line":6,"column":50},"end":{"line":16,"column":1}},"line":6},"1":{"name":"(anonymous_1)","decl":{"start":{"line":7,"column":21},"end":{"line":7,"column":22}},"loc":{"start":{"line":7,"column":42},"end":{"line":15,"column":3}},"line":7},"2":{"name":"(anonymous_2)","decl":{"start":{"line":8,"column":43},"end":{"line":8,"column":44}},"loc":{"start":{"line":8,"column":58},"end":{"line":14,"column":5}},"line":8},"3":{"name":"(anonymous_3)","decl":{"start":{"line":18,"column":17},"end":{"line":18,"column":18}},"loc":{"start":{"line":18,"column":25},"end":{"line":22,"column":1}},"line":18},"4":{"name":"(anonymous_4)","decl":{"start":{"line":24,"column":20},"end":{"line":24,"column":21}},"loc":{"start":{"line":25,"column":2},"end":{"line":30,"column":4}},"line":25},"5":{"name":"(anonymous_5)","decl":{"start":{"line":25,"column":14},"end":{"line":25,"column":15}},"loc":{"start":{"line":25,"column":35},"end":{"line":30,"column":3}},"line":25},"6":{"name":"(anonymous_6)","decl":{"start":{"line":26,"column":31},"end":{"line":26,"column":32}},"loc":{"start":{"line":26,"column":49},"end":{"line":29,"column":5}},"line":26}},"branchMap":{"0":{"loc":{"start":{"line":9,"column":6},"end":{"line":11,"column":7}},"type":"if","locations":[{"start":{"line":9,"column":6},"end":{"line":11,"column":7}},{"start":{},"end":{}}],"line":9},"1":{"loc":{"start":{"line":27,"column":6},"end":{"line":27,"column":33}},"type":"if","locations":[{"start":{"line":27,"column":6},"end":{"line":27,"column":33}},{"start":{},"end":{}}],"line":27}},"s":{"0":2,"1":2,"2":2,"3":2,"4":2,"5":2,"6":2,"7":0,"8":2,"9":2,"10":2,"11":2,"12":4,"13":4,"14":4,"15":0,"16":4,"17":2},"f":{"0":2,"1":2,"2":2,"3":2,"4":4,"5":4,"6":4},"b":{"0":[0,2],"1":[0,4]},"_coverageSchema":"1a1c01bbd47fc00a2c39e90264f33305004495a9","hash":"f677beb9963807047f6c7a90fa42d87670ce7ad3"}
}
