{"C:\\Users\\16103\\Downloads\\Quinnipiac-2023-2024\\Spring-Semester\\SER330\\e-commerce-store-updated\\e-commerce-store-updated\\e-comerce-backend\\backend\\config\\config.js": {"path":"C:\\Users\\16103\\Downloads\\Quinnipiac-2023-2024\\Spring-Semester\\SER330\\e-commerce-store-updated\\e-commerce-store-updated\\e-comerce-backend\\backend\\config\\config.js","statementMap":{"0":{"start":{"line":1,"column":12},"end":{"line":4,"column":1}},"1":{"start":{"line":5,"column":0},"end":{"line":5,"column":22}}},"fnMap":{},"branchMap":{"0":{"loc":{"start":{"line":2,"column":7},"end":{"line":2,"column":58}},"type":"binary-expr","locations":[{"start":{"line":2,"column":7},"end":{"line":2,"column":29}},{"start":{"line":2,"column":33},"end":{"line":2,"column":58}}],"line":2}},"s":{"0":2,"1":2},"f":{},"b":{"0":[2,2]},"_coverageSchema":"1a1c01bbd47fc00a2c39e90264f33305004495a9","hash":"b1b14c9826f9e5bb74113f6f4e2dbb8ed472e9ae"}
,"C:\\Users\\16103\\Downloads\\Quinnipiac-2023-2024\\Spring-Semester\\SER330\\e-commerce-store-updated\\e-commerce-store-updated\\e-comerce-backend\\backend\\controller\\cart.controller.js": {"path":"C:\\Users\\16103\\Downloads\\Quinnipiac-2023-2024\\Spring-Semester\\SER330\\e-commerce-store-updated\\e-commerce-store-updated\\e-comerce-backend\\backend\\controller\\cart.controller.js","statementMap":{"0":{"start":{"line":1,"column":13},"end":{"line":1,"column":38}},"1":{"start":{"line":2,"column":15},"end":{"line":2,"column":40}},"2":{"start":{"line":3,"column":19},"end":{"line":3,"column":21}},"3":{"start":{"line":5,"column":24},"end":{"line":16,"column":1}},"4":{"start":{"line":6,"column":2},"end":{"line":15,"column":3}},"5":{"start":{"line":8,"column":23},"end":{"line":8,"column":67}},"6":{"start":{"line":8,"column":34},"end":{"line":8,"column":67}},"7":{"start":{"line":9,"column":18},"end":{"line":9,"column":39}},"8":{"start":{"line":10,"column":25},"end":{"line":10,"column":68}},"9":{"start":{"line":11,"column":4},"end":{"line":11,"column":54}},"10":{"start":{"line":13,"column":4},"end":{"line":13,"column":20}},"11":{"start":{"line":14,"column":4},"end":{"line":14,"column":47}},"12":{"start":{"line":19,"column":26},"end":{"line":41,"column":1}},"13":{"start":{"line":20,"column":45},"end":{"line":20,"column":53}},"14":{"start":{"line":21,"column":2},"end":{"line":40,"column":3}},"15":{"start":{"line":32,"column":4},"end":{"line":32,"column":86}},"16":{"start":{"line":33,"column":24},"end":{"line":33,"column":68}},"17":{"start":{"line":33,"column":35},"end":{"line":33,"column":68}},"18":{"start":{"line":34,"column":18},"end":{"line":34,"column":39}},"19":{"start":{"line":35,"column":25},"end":{"line":35,"column":68}},"20":{"start":{"line":36,"column":4},"end":{"line":36,"column":54}},"21":{"start":{"line":38,"column":4},"end":{"line":38,"column":20}},"22":{"start":{"line":39,"column":4},"end":{"line":39,"column":47}},"23":{"start":{"line":42,"column":28},"end":{"line":54,"column":1}},"24":{"start":{"line":43,"column":2},"end":{"line":53,"column":3}},"25":{"start":{"line":45,"column":24},"end":{"line":45,"column":66}},"26":{"start":{"line":45,"column":35},"end":{"line":45,"column":66}},"27":{"start":{"line":46,"column":4},"end":{"line":46,"column":37}},"28":{"start":{"line":47,"column":18},"end":{"line":47,"column":39}},"29":{"start":{"line":48,"column":25},"end":{"line":48,"column":68}},"30":{"start":{"line":49,"column":4},"end":{"line":49,"column":68}},"31":{"start":{"line":51,"column":4},"end":{"line":51,"column":20}},"32":{"start":{"line":52,"column":4},"end":{"line":52,"column":47}},"33":{"start":{"line":58,"column":14},"end":{"line":58,"column":19}},"34":{"start":{"line":59,"column":2},"end":{"line":61,"column":3}},"35":{"start":{"line":59,"column":15},"end":{"line":59,"column":16}},"36":{"start":{"line":60,"column":4},"end":{"line":60,"column":71}},"37":{"start":{"line":60,"column":36},"end":{"line":60,"column":69}},"38":{"start":{"line":62,"column":2},"end":{"line":62,"column":14}},"39":{"start":{"line":66,"column":2},"end":{"line":66,"column":35}},"40":{"start":{"line":70,"column":2},"end":{"line":70,"column":22}},"41":{"start":{"line":73,"column":0},"end":{"line":73,"column":90}}},"fnMap":{"0":{"name":"(anonymous_0)","decl":{"start":{"line":5,"column":24},"end":{"line":5,"column":25}},"loc":{"start":{"line":5,"column":44},"end":{"line":16,"column":1}},"line":5},"1":{"name":"(anonymous_1)","decl":{"start":{"line":8,"column":23},"end":{"line":8,"column":24}},"loc":{"start":{"line":8,"column":34},"end":{"line":8,"column":67}},"line":8},"2":{"name":"(anonymous_2)","decl":{"start":{"line":19,"column":26},"end":{"line":19,"column":27}},"loc":{"start":{"line":19,"column":46},"end":{"line":41,"column":1}},"line":19},"3":{"name":"(anonymous_3)","decl":{"start":{"line":33,"column":24},"end":{"line":33,"column":25}},"loc":{"start":{"line":33,"column":35},"end":{"line":33,"column":68}},"line":33},"4":{"name":"(anonymous_4)","decl":{"start":{"line":42,"column":28},"end":{"line":42,"column":29}},"loc":{"start":{"line":42,"column":48},"end":{"line":54,"column":1}},"line":42},"5":{"name":"(anonymous_5)","decl":{"start":{"line":45,"column":24},"end":{"line":45,"column":25}},"loc":{"start":{"line":45,"column":35},"end":{"line":45,"column":66}},"line":45},"6":{"name":"findAndDelete","decl":{"start":{"line":57,"column":9},"end":{"line":57,"column":22}},"loc":{"start":{"line":57,"column":30},"end":{"line":63,"column":1}},"line":57},"7":{"name":"(anonymous_7)","decl":{"start":{"line":60,"column":25},"end":{"line":60,"column":26}},"loc":{"start":{"line":60,"column":36},"end":{"line":60,"column":69}},"line":60},"8":{"name":"findElementsByCondition","decl":{"start":{"line":65,"column":9},"end":{"line":65,"column":32}},"loc":{"start":{"line":65,"column":53},"end":{"line":67,"column":1}},"line":65},"9":{"name":"getCorrectCarts","decl":{"start":{"line":69,"column":9},"end":{"line":69,"column":24}},"loc":{"start":{"line":69,"column":26},"end":{"line":71,"column":1}},"line":69}},"branchMap":{},"s":{"0":1,"1":1,"2":1,"3":1,"4":1,"5":1,"6":2,"7":1,"8":1,"9":1,"10":0,"11":0,"12":1,"13":1,"14":1,"15":1,"16":1,"17":3,"18":1,"19":1,"20":1,"21":0,"22":0,"23":1,"24":1,"25":1,"26":2,"27":1,"28":1,"29":1,"30":1,"31":0,"32":0,"33":3,"34":3,"35":3,"36":1,"37":3,"38":3,"39":3,"40":0,"41":1},"f":{"0":1,"1":2,"2":1,"3":3,"4":1,"5":2,"6":3,"7":3,"8":3,"9":0},"b":{},"_coverageSchema":"1a1c01bbd47fc00a2c39e90264f33305004495a9","hash":"55fc7b68e4d30084ebaf276f429b99deb5f745f3"}
,"C:\\Users\\16103\\Downloads\\Quinnipiac-2023-2024\\Spring-Semester\\SER330\\e-commerce-store-updated\\e-commerce-store-updated\\e-comerce-backend\\backend\\controller\\productControllers.js": {"path":"C:\\Users\\16103\\Downloads\\Quinnipiac-2023-2024\\Spring-Semester\\SER330\\e-commerce-store-updated\\e-commerce-store-updated\\e-comerce-backend\\backend\\controller\\productControllers.js","statementMap":{"0":{"start":{"line":1,"column":16},"end":{"line":1,"column":44}},"1":{"start":{"line":2,"column":17},"end":{"line":2,"column":44}},"2":{"start":{"line":4,"column":20},"end":{"line":12,"column":1}},"3":{"start":{"line":5,"column":2},"end":{"line":11,"column":3}},"4":{"start":{"line":7,"column":4},"end":{"line":7,"column":23}},"5":{"start":{"line":9,"column":4},"end":{"line":9,"column":25}},"6":{"start":{"line":10,"column":4},"end":{"line":10,"column":54}},"7":{"start":{"line":14,"column":23},"end":{"line":23,"column":1}},"8":{"start":{"line":15,"column":2},"end":{"line":22,"column":3}},"9":{"start":{"line":17,"column":20},"end":{"line":17,"column":72}},"10":{"start":{"line":18,"column":4},"end":{"line":18,"column":22}},"11":{"start":{"line":20,"column":4},"end":{"line":20,"column":25}},"12":{"start":{"line":21,"column":4},"end":{"line":21,"column":54}},"13":{"start":{"line":26,"column":2},"end":{"line":26,"column":60}},"14":{"start":{"line":26,"column":31},"end":{"line":26,"column":58}},"15":{"start":{"line":29,"column":0},"end":{"line":32,"column":2}}},"fnMap":{"0":{"name":"(anonymous_0)","decl":{"start":{"line":4,"column":20},"end":{"line":4,"column":21}},"loc":{"start":{"line":4,"column":40},"end":{"line":12,"column":1}},"line":4},"1":{"name":"(anonymous_1)","decl":{"start":{"line":14,"column":23},"end":{"line":14,"column":24}},"loc":{"start":{"line":14,"column":43},"end":{"line":23,"column":1}},"line":14},"2":{"name":"findElementByProperty","decl":{"start":{"line":25,"column":9},"end":{"line":25,"column":30}},"loc":{"start":{"line":25,"column":55},"end":{"line":27,"column":1}},"line":25},"3":{"name":"(anonymous_3)","decl":{"start":{"line":26,"column":20},"end":{"line":26,"column":21}},"loc":{"start":{"line":26,"column":31},"end":{"line":26,"column":58}},"line":26}},"branchMap":{},"s":{"0":1,"1":1,"2":1,"3":1,"4":1,"5":0,"6":0,"7":1,"8":2,"9":2,"10":2,"11":0,"12":0,"13":2,"14":12,"15":1},"f":{"0":1,"1":2,"2":2,"3":12},"b":{},"_coverageSchema":"1a1c01bbd47fc00a2c39e90264f33305004495a9","hash":"8ecac5f1434ab7d8db4f194170629b60217c8359"}
,"C:\\Users\\16103\\Downloads\\Quinnipiac-2023-2024\\Spring-Semester\\SER330\\e-commerce-store-updated\\e-commerce-store-updated\\e-comerce-backend\\backend\\controller\\user.controller.js": {"path":"C:\\Users\\16103\\Downloads\\Quinnipiac-2023-2024\\Spring-Semester\\SER330\\e-commerce-store-updated\\e-commerce-store-updated\\e-comerce-backend\\backend\\controller\\user.controller.js","statementMap":{"0":{"start":{"line":1,"column":16},"end":{"line":1,"column":34}},"1":{"start":{"line":2,"column":15},"end":{"line":2,"column":32}},"2":{"start":{"line":4,"column":28},"end":{"line":4,"column":63}},"3":{"start":{"line":5,"column":34},"end":{"line":5,"column":70}},"4":{"start":{"line":6,"column":16},"end":{"line":6,"column":42}},"5":{"start":{"line":8,"column":19},"end":{"line":23,"column":1}},"6":{"start":{"line":9,"column":38},"end":{"line":9,"column":46}},"7":{"start":{"line":10,"column":2},"end":{"line":22,"column":3}},"8":{"start":{"line":11,"column":17},"end":{"line":11,"column":47}},"9":{"start":{"line":15,"column":4},"end":{"line":15,"column":68}},"10":{"start":{"line":16,"column":4},"end":{"line":16,"column":54}},"11":{"start":{"line":17,"column":4},"end":{"line":17,"column":10}},"12":{"start":{"line":19,"column":4},"end":{"line":19,"column":33}},"13":{"start":{"line":20,"column":4},"end":{"line":20,"column":67}},"14":{"start":{"line":21,"column":4},"end":{"line":21,"column":10}},"15":{"start":{"line":25,"column":19},"end":{"line":48,"column":1}},"16":{"start":{"line":26,"column":28},"end":{"line":26,"column":36}},"17":{"start":{"line":27,"column":2},"end":{"line":27,"column":23}},"18":{"start":{"line":28,"column":2},"end":{"line":47,"column":3}},"19":{"start":{"line":30,"column":17},"end":{"line":30,"column":63}},"20":{"start":{"line":32,"column":4},"end":{"line":34,"column":5}},"21":{"start":{"line":33,"column":6},"end":{"line":33,"column":64}},"22":{"start":{"line":36,"column":17},"end":{"line":36,"column":61}},"23":{"start":{"line":38,"column":4},"end":{"line":42,"column":5}},"24":{"start":{"line":39,"column":18},"end":{"line":39,"column":32}},"25":{"start":{"line":40,"column":6},"end":{"line":40,"column":49}},"26":{"start":{"line":41,"column":6},"end":{"line":41,"column":12}},"27":{"start":{"line":43,"column":4},"end":{"line":43,"column":53}},"28":{"start":{"line":45,"column":4},"end":{"line":45,"column":28}},"29":{"start":{"line":46,"column":4},"end":{"line":46,"column":47}},"30":{"start":{"line":50,"column":16},"end":{"line":54,"column":1}},"31":{"start":{"line":51,"column":2},"end":{"line":51,"column":22}},"32":{"start":{"line":53,"column":2},"end":{"line":53,"column":40}},"33":{"start":{"line":57,"column":17},"end":{"line":61,"column":1}},"34":{"start":{"line":58,"column":2},"end":{"line":58,"column":26}},"35":{"start":{"line":60,"column":2},"end":{"line":60,"column":31}},"36":{"start":{"line":65,"column":2},"end":{"line":65,"column":60}},"37":{"start":{"line":65,"column":31},"end":{"line":65,"column":58}},"38":{"start":{"line":67,"column":0},"end":{"line":67,"column":60}}},"fnMap":{"0":{"name":"(anonymous_0)","decl":{"start":{"line":8,"column":19},"end":{"line":8,"column":20}},"loc":{"start":{"line":8,"column":39},"end":{"line":23,"column":1}},"line":8},"1":{"name":"(anonymous_1)","decl":{"start":{"line":25,"column":19},"end":{"line":25,"column":20}},"loc":{"start":{"line":25,"column":39},"end":{"line":48,"column":1}},"line":25},"2":{"name":"(anonymous_2)","decl":{"start":{"line":50,"column":16},"end":{"line":50,"column":17}},"loc":{"start":{"line":50,"column":36},"end":{"line":54,"column":1}},"line":50},"3":{"name":"(anonymous_3)","decl":{"start":{"line":57,"column":17},"end":{"line":57,"column":18}},"loc":{"start":{"line":57,"column":37},"end":{"line":61,"column":1}},"line":57},"4":{"name":"findElementByProperty","decl":{"start":{"line":64,"column":9},"end":{"line":64,"column":30}},"loc":{"start":{"line":64,"column":55},"end":{"line":66,"column":1}},"line":64},"5":{"name":"(anonymous_5)","decl":{"start":{"line":65,"column":20},"end":{"line":65,"column":21}},"loc":{"start":{"line":65,"column":31},"end":{"line":65,"column":58}},"line":65}},"branchMap":{"0":{"loc":{"start":{"line":32,"column":4},"end":{"line":34,"column":5}},"type":"if","locations":[{"start":{"line":32,"column":4},"end":{"line":34,"column":5}},{"start":{},"end":{}}],"line":32},"1":{"loc":{"start":{"line":38,"column":4},"end":{"line":42,"column":5}},"type":"if","locations":[{"start":{"line":38,"column":4},"end":{"line":42,"column":5}},{"start":{},"end":{}}],"line":38}},"s":{"0":2,"1":2,"2":2,"3":2,"4":2,"5":2,"6":1,"7":1,"8":1,"9":1,"10":1,"11":1,"12":0,"13":0,"14":0,"15":2,"16":2,"17":2,"18":2,"19":2,"20":2,"21":0,"22":2,"23":2,"24":2,"25":2,"26":2,"27":0,"28":0,"29":0,"30":2,"31":1,"32":1,"33":2,"34":1,"35":1,"36":2,"37":4,"38":2},"f":{"0":1,"1":2,"2":1,"3":1,"4":2,"5":4},"b":{"0":[0,2],"1":[2,0]},"_coverageSchema":"1a1c01bbd47fc00a2c39e90264f33305004495a9","hash":"ba8ddad0c0c8a64cb43401de2ead2674f130692e"}
,"C:\\Users\\16103\\Downloads\\Quinnipiac-2023-2024\\Spring-Semester\\SER330\\e-commerce-store-updated\\e-commerce-store-updated\\e-comerce-backend\\backend\\data\\cartDb.js": {"path":"C:\\Users\\16103\\Downloads\\Quinnipiac-2023-2024\\Spring-Semester\\SER330\\e-commerce-store-updated\\e-commerce-store-updated\\e-comerce-backend\\backend\\data\\cartDb.js","statementMap":{"0":{"start":{"line":1,"column":23},"end":{"line":13,"column":2}},"1":{"start":{"line":15,"column":0},"end":{"line":15,"column":32}}},"fnMap":{},"branchMap":{},"s":{"0":1,"1":1},"f":{},"b":{},"_coverageSchema":"1a1c01bbd47fc00a2c39e90264f33305004495a9","hash":"8e71493027a258a2ffd2d997fdbeb5389fcd03ad"}
,"C:\\Users\\16103\\Downloads\\Quinnipiac-2023-2024\\Spring-Semester\\SER330\\e-commerce-store-updated\\e-commerce-store-updated\\e-comerce-backend\\backend\\data\\products.js": {"path":"C:\\Users\\16103\\Downloads\\Quinnipiac-2023-2024\\Spring-Semester\\SER330\\e-commerce-store-updated\\e-commerce-store-updated\\e-comerce-backend\\backend\\data\\products.js","statementMap":{"0":{"start":{"line":1,"column":17},"end":{"line":62,"column":1}},"1":{"start":{"line":64,"column":0},"end":{"line":64,"column":26}}},"fnMap":{},"branchMap":{},"s":{"0":1,"1":1},"f":{},"b":{},"_coverageSchema":"1a1c01bbd47fc00a2c39e90264f33305004495a9","hash":"ecd621e397c6edabc899bbd0acf727ea3120ca38"}
,"C:\\Users\\16103\\Downloads\\Quinnipiac-2023-2024\\Spring-Semester\\SER330\\e-commerce-store-updated\\e-commerce-store-updated\\e-comerce-backend\\backend\\data\\usersDb.js": {"path":"C:\\Users\\16103\\Downloads\\Quinnipiac-2023-2024\\Spring-Semester\\SER330\\e-commerce-store-updated\\e-commerce-store-updated\\e-comerce-backend\\backend\\data\\usersDb.js","statementMap":{"0":{"start":{"line":1,"column":24},"end":{"line":12,"column":1}},"1":{"start":{"line":14,"column":0},"end":{"line":14,"column":33}}},"fnMap":{},"branchMap":{},"s":{"0":2,"1":2},"f":{},"b":{},"_coverageSchema":"1a1c01bbd47fc00a2c39e90264f33305004495a9","hash":"680592a6bcb87b7dbc5eec40941fe3a0616346d5"}
,"C:\\Users\\16103\\Downloads\\Quinnipiac-2023-2024\\Spring-Semester\\SER330\\e-commerce-store-updated\\e-commerce-store-updated\\e-comerce-backend\\backend\\middleware\\middleware.js": {"path":"C:\\Users\\16103\\Downloads\\Quinnipiac-2023-2024\\Spring-Semester\\SER330\\e-commerce-store-updated\\e-commerce-store-updated\\e-comerce-backend\\backend\\middleware\\middleware.js","statementMap":{"0":{"start":{"line":1,"column":13},"end":{"line":1,"column":38}},"1":{"start":{"line":2,"column":16},"end":{"line":2,"column":42}},"2":{"start":{"line":3,"column":22},"end":{"line":3,"column":58}},"3":{"start":{"line":5,"column":26},"end":{"line":7,"column":1}},"4":{"start":{"line":6,"column":2},"end":{"line":6,"column":70}},"5":{"start":{"line":9,"column":19},"end":{"line":39,"column":1}},"6":{"start":{"line":10,"column":26},"end":{"line":10,"column":37}},"7":{"start":{"line":11,"column":2},"end":{"line":17,"column":3}},"8":{"start":{"line":12,"column":4},"end":{"line":12,"column":67}},"9":{"start":{"line":13,"column":4},"end":{"line":13,"column":10}},"10":{"start":{"line":14,"column":9},"end":{"line":17,"column":3}},"11":{"start":{"line":15,"column":4},"end":{"line":15,"column":58}},"12":{"start":{"line":16,"column":4},"end":{"line":16,"column":10}},"13":{"start":{"line":19,"column":2},"end":{"line":38,"column":3}},"14":{"start":{"line":20,"column":20},"end":{"line":20,"column":66}},"15":{"start":{"line":21,"column":4},"end":{"line":21,"column":24}},"16":{"start":{"line":22,"column":4},"end":{"line":34,"column":5}},"17":{"start":{"line":27,"column":19},"end":{"line":27,"column":90}},"18":{"start":{"line":29,"column":6},"end":{"line":29,"column":24}},"19":{"start":{"line":31,"column":6},"end":{"line":31,"column":12}},"20":{"start":{"line":33,"column":6},"end":{"line":33,"column":60}},"21":{"start":{"line":36,"column":4},"end":{"line":36,"column":30}},"22":{"start":{"line":37,"column":4},"end":{"line":37,"column":47}},"23":{"start":{"line":42,"column":2},"end":{"line":42,"column":60}},"24":{"start":{"line":42,"column":31},"end":{"line":42,"column":58}},"25":{"start":{"line":45,"column":0},"end":{"line":48,"column":1}}},"fnMap":{"0":{"name":"(anonymous_0)","decl":{"start":{"line":5,"column":26},"end":{"line":5,"column":27}},"loc":{"start":{"line":5,"column":52},"end":{"line":7,"column":1}},"line":5},"1":{"name":"(anonymous_1)","decl":{"start":{"line":9,"column":19},"end":{"line":9,"column":20}},"loc":{"start":{"line":9,"column":45},"end":{"line":39,"column":1}},"line":9},"2":{"name":"findElementByProperty","decl":{"start":{"line":41,"column":9},"end":{"line":41,"column":30}},"loc":{"start":{"line":41,"column":55},"end":{"line":43,"column":1}},"line":41},"3":{"name":"(anonymous_3)","decl":{"start":{"line":42,"column":20},"end":{"line":42,"column":21}},"loc":{"start":{"line":42,"column":31},"end":{"line":42,"column":58}},"line":42}},"branchMap":{"0":{"loc":{"start":{"line":6,"column":13},"end":{"line":6,"column":30}},"type":"binary-expr","locations":[{"start":{"line":6,"column":13},"end":{"line":6,"column":23}},{"start":{"line":6,"column":27},"end":{"line":6,"column":30}}],"line":6},"1":{"loc":{"start":{"line":6,"column":37},"end":{"line":6,"column":69}},"type":"cond-expr","locations":[{"start":{"line":6,"column":45},"end":{"line":6,"column":48}},{"start":{"line":6,"column":51},"end":{"line":6,"column":69}}],"line":6},"2":{"loc":{"start":{"line":11,"column":2},"end":{"line":17,"column":3}},"type":"if","locations":[{"start":{"line":11,"column":2},"end":{"line":17,"column":3}},{"start":{"line":14,"column":9},"end":{"line":17,"column":3}}],"line":11},"3":{"loc":{"start":{"line":14,"column":9},"end":{"line":17,"column":3}},"type":"if","locations":[{"start":{"line":14,"column":9},"end":{"line":17,"column":3}},{"start":{},"end":{}}],"line":14},"4":{"loc":{"start":{"line":22,"column":4},"end":{"line":34,"column":5}},"type":"if","locations":[{"start":{"line":22,"column":4},"end":{"line":34,"column":5}},{"start":{"line":32,"column":11},"end":{"line":34,"column":5}}],"line":22}},"s":{"0":2,"1":2,"2":2,"3":2,"4":0,"5":2,"6":4,"7":4,"8":0,"9":0,"10":4,"11":0,"12":0,"13":4,"14":4,"15":4,"16":4,"17":4,"18":4,"19":4,"20":0,"21":0,"22":0,"23":4,"24":8,"25":2},"f":{"0":0,"1":4,"2":4,"3":8},"b":{"0":[0,0],"1":[0,0],"2":[0,4],"3":[0,4],"4":[4,0]},"_coverageSchema":"1a1c01bbd47fc00a2c39e90264f33305004495a9","hash":"1c9976170f6d79cf705f2a057d24098bb197d493"}
,"C:\\Users\\16103\\Downloads\\Quinnipiac-2023-2024\\Spring-Semester\\SER330\\e-commerce-store-updated\\e-commerce-store-updated\\e-comerce-backend\\backend\\models\\Cart.js": {"path":"C:\\Users\\16103\\Downloads\\Quinnipiac-2023-2024\\Spring-Semester\\SER330\\e-commerce-store-updated\\e-commerce-store-updated\\e-comerce-backend\\backend\\models\\Cart.js","statementMap":{"0":{"start":{"line":1,"column":17},"end":{"line":1,"column":36}},"1":{"start":{"line":3,"column":19},"end":{"line":23,"column":1}},"2":{"start":{"line":25,"column":13},"end":{"line":25,"column":47}},"3":{"start":{"line":26,"column":0},"end":{"line":26,"column":21}}},"fnMap":{},"branchMap":{},"s":{"0":1,"1":1,"2":1,"3":1},"f":{},"b":{},"_coverageSchema":"1a1c01bbd47fc00a2c39e90264f33305004495a9","hash":"ae708e2857b77999048d5c1f0105987fc674b94f"}
,"C:\\Users\\16103\\Downloads\\Quinnipiac-2023-2024\\Spring-Semester\\SER330\\e-commerce-store-updated\\e-commerce-store-updated\\e-comerce-backend\\backend\\models\\Product.js": {"path":"C:\\Users\\16103\\Downloads\\Quinnipiac-2023-2024\\Spring-Semester\\SER330\\e-commerce-store-updated\\e-commerce-store-updated\\e-comerce-backend\\backend\\models\\Product.js","statementMap":{"0":{"start":{"line":1,"column":17},"end":{"line":1,"column":36}},"1":{"start":{"line":3,"column":22},"end":{"line":24,"column":2}},"2":{"start":{"line":26,"column":16},"end":{"line":26,"column":56}},"3":{"start":{"line":28,"column":0},"end":{"line":28,"column":25}}},"fnMap":{},"branchMap":{},"s":{"0":1,"1":1,"2":1,"3":1},"f":{},"b":{},"_coverageSchema":"1a1c01bbd47fc00a2c39e90264f33305004495a9","hash":"37ba1f9a726c0cf327169398198f228b048af423"}
,"C:\\Users\\16103\\Downloads\\Quinnipiac-2023-2024\\Spring-Semester\\SER330\\e-commerce-store-updated\\e-commerce-store-updated\\e-comerce-backend\\backend\\models\\User.js": {"path":"C:\\Users\\16103\\Downloads\\Quinnipiac-2023-2024\\Spring-Semester\\SER330\\e-commerce-store-updated\\e-commerce-store-updated\\e-comerce-backend\\backend\\models\\User.js","statementMap":{"0":{"start":{"line":1,"column":17},"end":{"line":1,"column":36}},"1":{"start":{"line":3,"column":19},"end":{"line":19,"column":1}},"2":{"start":{"line":21,"column":13},"end":{"line":21,"column":47}},"3":{"start":{"line":22,"column":0},"end":{"line":22,"column":21}}},"fnMap":{},"branchMap":{},"s":{"0":2,"1":2,"2":2,"3":2},"f":{},"b":{},"_coverageSchema":"1a1c01bbd47fc00a2c39e90264f33305004495a9","hash":"b6af351c8773821ee60d5d3d9ce465ed9359ad0d"}
,"C:\\Users\\16103\\Downloads\\Quinnipiac-2023-2024\\Spring-Semester\\SER330\\e-commerce-store-updated\\e-commerce-store-updated\\e-comerce-backend\\backend\\routes\\cartRoutes.js": {"path":"C:\\Users\\16103\\Downloads\\Quinnipiac-2023-2024\\Spring-Semester\\SER330\\e-commerce-store-updated\\e-commerce-store-updated\\e-comerce-backend\\backend\\routes\\cartRoutes.js","statementMap":{"0":{"start":{"line":1,"column":16},"end":{"line":1,"column":34}},"1":{"start":{"line":7,"column":4},"end":{"line":7,"column":44}},"2":{"start":{"line":8,"column":21},"end":{"line":8,"column":56}},"3":{"start":{"line":9,"column":15},"end":{"line":9,"column":31}},"4":{"start":{"line":11,"column":0},"end":{"line":14,"column":39}},"5":{"start":{"line":16,"column":0},"end":{"line":16,"column":62}},"6":{"start":{"line":18,"column":0},"end":{"line":18,"column":23}}},"fnMap":{},"branchMap":{},"s":{"0":1,"1":1,"2":1,"3":1,"4":1,"5":1,"6":1},"f":{},"b":{},"_coverageSchema":"1a1c01bbd47fc00a2c39e90264f33305004495a9","hash":"4b3925a8ceff8c8ebbfcd26f84bc25eb6dffe93c"}
,"C:\\Users\\16103\\Downloads\\Quinnipiac-2023-2024\\Spring-Semester\\SER330\\e-commerce-store-updated\\e-commerce-store-updated\\e-comerce-backend\\backend\\routes\\productRoutes.js": {"path":"C:\\Users\\16103\\Downloads\\Quinnipiac-2023-2024\\Spring-Semester\\SER330\\e-commerce-store-updated\\e-commerce-store-updated\\e-comerce-backend\\backend\\routes\\productRoutes.js","statementMap":{"0":{"start":{"line":1,"column":16},"end":{"line":1,"column":34}},"1":{"start":{"line":2,"column":15},"end":{"line":2,"column":31}},"2":{"start":{"line":6,"column":4},"end":{"line":6,"column":47}},"3":{"start":{"line":8,"column":0},"end":{"line":8,"column":29}},"4":{"start":{"line":9,"column":0},"end":{"line":9,"column":35}},"5":{"start":{"line":11,"column":0},"end":{"line":11,"column":24}}},"fnMap":{},"branchMap":{},"s":{"0":1,"1":1,"2":1,"3":1,"4":1,"5":1},"f":{},"b":{},"_coverageSchema":"1a1c01bbd47fc00a2c39e90264f33305004495a9","hash":"7de12786eeaaa62346200484f40a5181eb938d56"}
,"C:\\Users\\16103\\Downloads\\Quinnipiac-2023-2024\\Spring-Semester\\SER330\\e-commerce-store-updated\\e-commerce-store-updated\\e-comerce-backend\\backend\\routes\\routesCartApp.js": {"path":"C:\\Users\\16103\\Downloads\\Quinnipiac-2023-2024\\Spring-Semester\\SER330\\e-commerce-store-updated\\e-commerce-store-updated\\e-comerce-backend\\backend\\routes\\routesCartApp.js","statementMap":{"0":{"start":{"line":1,"column":0},"end":{"line":3,"column":2}},"1":{"start":{"line":2,"column":4},"end":{"line":2,"column":49}}},"fnMap":{"0":{"name":"(anonymous_0)","decl":{"start":{"line":1,"column":17},"end":{"line":1,"column":18}},"loc":{"start":{"line":1,"column":32},"end":{"line":3,"column":1}},"line":1}},"branchMap":{},"s":{"0":1,"1":1},"f":{"0":1},"b":{},"_coverageSchema":"1a1c01bbd47fc00a2c39e90264f33305004495a9","hash":"537cc1799f66c2ef456386e0e29ec1e61c7afc98"}
,"C:\\Users\\16103\\Downloads\\Quinnipiac-2023-2024\\Spring-Semester\\SER330\\e-commerce-store-updated\\e-commerce-store-updated\\e-comerce-backend\\backend\\routes\\routesProductsApp.js": {"path":"C:\\Users\\16103\\Downloads\\Quinnipiac-2023-2024\\Spring-Semester\\SER330\\e-commerce-store-updated\\e-commerce-store-updated\\e-comerce-backend\\backend\\routes\\routesProductsApp.js","statementMap":{"0":{"start":{"line":1,"column":0},"end":{"line":3,"column":4}},"1":{"start":{"line":2,"column":4},"end":{"line":2,"column":56}}},"fnMap":{"0":{"name":"(anonymous_0)","decl":{"start":{"line":1,"column":17},"end":{"line":1,"column":18}},"loc":{"start":{"line":1,"column":32},"end":{"line":3,"column":3}},"line":1}},"branchMap":{},"s":{"0":1,"1":1},"f":{"0":1},"b":{},"_coverageSchema":"1a1c01bbd47fc00a2c39e90264f33305004495a9","hash":"3073e8390ac8e766198edfa28d437b7fdb724196"}
,"C:\\Users\\16103\\Downloads\\Quinnipiac-2023-2024\\Spring-Semester\\SER330\\e-commerce-store-updated\\e-commerce-store-updated\\e-comerce-backend\\backend\\routes\\routesUsersApp.js": {"path":"C:\\Users\\16103\\Downloads\\Quinnipiac-2023-2024\\Spring-Semester\\SER330\\e-commerce-store-updated\\e-commerce-store-updated\\e-comerce-backend\\backend\\routes\\routesUsersApp.js","statementMap":{"0":{"start":{"line":1,"column":0},"end":{"line":3,"column":4}},"1":{"start":{"line":2,"column":4},"end":{"line":2,"column":49}}},"fnMap":{"0":{"name":"(anonymous_0)","decl":{"start":{"line":1,"column":17},"end":{"line":1,"column":18}},"loc":{"start":{"line":1,"column":32},"end":{"line":3,"column":3}},"line":1}},"branchMap":{},"s":{"0":2,"1":2},"f":{"0":2},"b":{},"_coverageSchema":"1a1c01bbd47fc00a2c39e90264f33305004495a9","hash":"91b06f77d768642a3645a30350f555dc31bdcb50"}
,"C:\\Users\\16103\\Downloads\\Quinnipiac-2023-2024\\Spring-Semester\\SER330\\e-commerce-store-updated\\e-commerce-store-updated\\e-comerce-backend\\backend\\routes\\userRoutes.js": {"path":"C:\\Users\\16103\\Downloads\\Quinnipiac-2023-2024\\Spring-Semester\\SER330\\e-commerce-store-updated\\e-commerce-store-updated\\e-comerce-backend\\backend\\routes\\userRoutes.js","statementMap":{"0":{"start":{"line":1,"column":16},"end":{"line":1,"column":34}},"1":{"start":{"line":7,"column":4},"end":{"line":7,"column":44}},"2":{"start":{"line":8,"column":21},"end":{"line":8,"column":56}},"3":{"start":{"line":9,"column":15},"end":{"line":9,"column":31}},"4":{"start":{"line":11,"column":0},"end":{"line":11,"column":26}},"5":{"start":{"line":12,"column":0},"end":{"line":12,"column":34}},"6":{"start":{"line":13,"column":0},"end":{"line":13,"column":34}},"7":{"start":{"line":15,"column":0},"end":{"line":15,"column":46}},"8":{"start":{"line":17,"column":0},"end":{"line":17,"column":23}}},"fnMap":{},"branchMap":{},"s":{"0":2,"1":2,"2":2,"3":2,"4":2,"5":2,"6":2,"7":2,"8":2},"f":{},"b":{},"_coverageSchema":"1a1c01bbd47fc00a2c39e90264f33305004495a9","hash":"541ad6dcdd19a6cf39fac4acb022b90b3005df3d"}
,"C:\\Users\\16103\\Downloads\\Quinnipiac-2023-2024\\Spring-Semester\\SER330\\e-commerce-store-updated\\e-commerce-store-updated\\e-comerce-backend\\backend\\utils\\utility.function.js": {"path":"C:\\Users\\16103\\Downloads\\Quinnipiac-2023-2024\\Spring-Semester\\SER330\\e-commerce-store-updated\\e-commerce-store-updated\\e-comerce-backend\\backend\\utils\\utility.function.js","statementMap":{"0":{"start":{"line":1,"column":15},"end":{"line":1,"column":32}},"1":{"start":{"line":2,"column":12},"end":{"line":2,"column":35}},"2":{"start":{"line":3,"column":14},"end":{"line":3,"column":41}},"3":{"start":{"line":6,"column":22},"end":{"line":16,"column":1}},"4":{"start":{"line":7,"column":2},"end":{"line":15,"column":4}},"5":{"start":{"line":8,"column":4},"end":{"line":14,"column":6}},"6":{"start":{"line":9,"column":6},"end":{"line":11,"column":7}},"7":{"start":{"line":10,"column":8},"end":{"line":10,"column":19}},"8":{"start":{"line":13,"column":6},"end":{"line":13,"column":19}},"9":{"start":{"line":18,"column":17},"end":{"line":22,"column":1}},"10":{"start":{"line":19,"column":2},"end":{"line":21,"column":4}},"11":{"start":{"line":24,"column":20},"end":{"line":30,"column":4}},"12":{"start":{"line":25,"column":2},"end":{"line":30,"column":4}},"13":{"start":{"line":26,"column":4},"end":{"line":29,"column":6}},"14":{"start":{"line":27,"column":6},"end":{"line":27,"column":33}},"15":{"start":{"line":27,"column":15},"end":{"line":27,"column":33}},"16":{"start":{"line":28,"column":6},"end":{"line":28,"column":22}},"17":{"start":{"line":32,"column":0},"end":{"line":32,"column":55}}},"fnMap":{"0":{"name":"(anonymous_0)","decl":{"start":{"line":6,"column":22},"end":{"line":6,"column":23}},"loc":{"start":{"line":6,"column":50},"end":{"line":16,"column":1}},"line":6},"1":{"name":"(anonymous_1)","decl":{"start":{"line":7,"column":21},"end":{"line":7,"column":22}},"loc":{"start":{"line":7,"column":42},"end":{"line":15,"column":3}},"line":7},"2":{"name":"(anonymous_2)","decl":{"start":{"line":8,"column":43},"end":{"line":8,"column":44}},"loc":{"start":{"line":8,"column":58},"end":{"line":14,"column":5}},"line":8},"3":{"name":"(anonymous_3)","decl":{"start":{"line":18,"column":17},"end":{"line":18,"column":18}},"loc":{"start":{"line":18,"column":25},"end":{"line":22,"column":1}},"line":18},"4":{"name":"(anonymous_4)","decl":{"start":{"line":24,"column":20},"end":{"line":24,"column":21}},"loc":{"start":{"line":25,"column":2},"end":{"line":30,"column":4}},"line":25},"5":{"name":"(anonymous_5)","decl":{"start":{"line":25,"column":14},"end":{"line":25,"column":15}},"loc":{"start":{"line":25,"column":35},"end":{"line":30,"column":3}},"line":25},"6":{"name":"(anonymous_6)","decl":{"start":{"line":26,"column":31},"end":{"line":26,"column":32}},"loc":{"start":{"line":26,"column":49},"end":{"line":29,"column":5}},"line":26}},"branchMap":{"0":{"loc":{"start":{"line":9,"column":6},"end":{"line":11,"column":7}},"type":"if","locations":[{"start":{"line":9,"column":6},"end":{"line":11,"column":7}},{"start":{},"end":{}}],"line":9},"1":{"loc":{"start":{"line":27,"column":6},"end":{"line":27,"column":33}},"type":"if","locations":[{"start":{"line":27,"column":6},"end":{"line":27,"column":33}},{"start":{},"end":{}}],"line":27}},"s":{"0":2,"1":2,"2":2,"3":2,"4":2,"5":2,"6":2,"7":0,"8":2,"9":2,"10":2,"11":2,"12":4,"13":4,"14":4,"15":0,"16":4,"17":2},"f":{"0":2,"1":2,"2":2,"3":2,"4":4,"5":4,"6":4},"b":{"0":[0,2],"1":[0,4]},"_coverageSchema":"1a1c01bbd47fc00a2c39e90264f33305004495a9","hash":"f677beb9963807047f6c7a90fa42d87670ce7ad3"}
}
