TN:
SF:backend\config\config.js
FNF:0
FNH:0
DA:1,2
DA:5,2
LF:2
LH:2
BRDA:2,0,0,2
BRDA:2,0,1,2
BRF:2
BRH:2
end_of_record
TN:
SF:backend\controller\cart.controller.js
FN:5,(anonymous_0)
FN:8,(anonymous_1)
FN:19,(anonymous_2)
FN:33,(anonymous_3)
FN:42,(anonymous_4)
FN:45,(anonymous_5)
FN:57,findAndDelete
FN:60,(anonymous_7)
FN:65,findElementsByCondition
FN:69,getCorrectCarts
FNF:10
FNH:9
FNDA:1,(anonymous_0)
FNDA:2,(anonymous_1)
FNDA:1,(anonymous_2)
FNDA:3,(anonymous_3)
FNDA:1,(anonymous_4)
FNDA:2,(anonymous_5)
FNDA:3,findAndDelete
FNDA:3,(anonymous_7)
FNDA:3,findElementsByCondition
FNDA:0,getCorrectCarts
DA:1,1
DA:2,1
DA:3,1
DA:5,1
DA:6,1
DA:8,2
DA:9,1
DA:10,1
DA:11,1
DA:13,0
DA:14,0
DA:19,1
DA:20,1
DA:21,1
DA:32,1
DA:33,3
DA:34,1
DA:35,1
DA:36,1
DA:38,0
DA:39,0
DA:42,1
DA:43,1
DA:45,2
DA:46,1
DA:47,1
DA:48,1
DA:49,1
DA:51,0
DA:52,0
DA:58,3
DA:59,3
DA:60,3
DA:62,3
DA:66,3
DA:70,0
DA:73,1
LF:37
LH:30
BRF:0
BRH:0
end_of_record
TN:
SF:backend\controller\productControllers.js
FN:4,(anonymous_0)
FN:14,(anonymous_1)
FN:25,findElementByProperty
FN:26,(anonymous_3)
FNF:4
FNH:4
FNDA:1,(anonymous_0)
FNDA:2,(anonymous_1)
FNDA:2,findElementByProperty
FNDA:12,(anonymous_3)
DA:1,1
DA:2,1
DA:4,1
DA:5,1
DA:7,1
DA:9,0
DA:10,0
DA:14,1
DA:15,2
DA:17,2
DA:18,2
DA:20,0
DA:21,0
DA:26,12
DA:29,1
LF:15
LH:11
BRF:0
BRH:0
end_of_record
TN:
SF:backend\controller\user.controller.js
FN:8,(anonymous_0)
FN:25,(anonymous_1)
FN:50,(anonymous_2)
FN:57,(anonymous_3)
FN:64,findElementByProperty
FN:65,(anonymous_5)
FNF:6
FNH:6
FNDA:1,(anonymous_0)
FNDA:2,(anonymous_1)
FNDA:1,(anonymous_2)
FNDA:1,(anonymous_3)
FNDA:2,findElementByProperty
FNDA:4,(anonymous_5)
DA:1,2
DA:2,2
DA:4,2
DA:5,2
DA:6,2
DA:8,2
DA:9,1
DA:10,1
DA:11,1
DA:15,1
DA:16,1
DA:17,1
DA:19,0
DA:20,0
DA:21,0
DA:25,2
DA:26,2
DA:27,2
DA:28,2
DA:30,2
DA:32,2
DA:33,0
DA:36,2
DA:38,2
DA:39,2
DA:40,2
DA:41,2
DA:43,0
DA:45,0
DA:46,0
DA:50,2
DA:51,1
DA:53,1
DA:57,2
DA:58,1
DA:60,1
DA:65,4
DA:67,2
LF:38
LH:31
BRDA:32,0,0,0
BRDA:32,0,1,2
BRDA:38,1,0,2
BRDA:38,1,1,0
BRF:4
BRH:2
end_of_record
TN:
SF:backend\data\cartDb.js
FNF:0
FNH:0
DA:1,1
DA:15,1
LF:2
LH:2
BRF:0
BRH:0
end_of_record
TN:
SF:backend\data\products.js
FNF:0
FNH:0
DA:1,1
DA:64,1
LF:2
LH:2
BRF:0
BRH:0
end_of_record
TN:
SF:backend\data\usersDb.js
FNF:0
FNH:0
DA:1,2
DA:14,2
LF:2
LH:2
BRF:0
BRH:0
end_of_record
TN:
SF:backend\middleware\middleware.js
FN:5,(anonymous_0)
FN:9,(anonymous_1)
FN:41,findElementByProperty
FN:42,(anonymous_3)
FNF:4
FNH:3
FNDA:0,(anonymous_0)
FNDA:4,(anonymous_1)
FNDA:4,findElementByProperty
FNDA:8,(anonymous_3)
DA:1,2
DA:2,2
DA:3,2
DA:5,2
DA:6,0
DA:9,2
DA:10,4
DA:11,4
DA:12,0
DA:13,0
DA:14,4
DA:15,0
DA:16,0
DA:19,4
DA:20,4
DA:21,4
DA:22,4
DA:27,4
DA:29,4
DA:31,4
DA:33,0
DA:36,0
DA:37,0
DA:42,8
DA:45,2
LF:25
LH:17
BRDA:6,0,0,0
BRDA:6,0,1,0
BRDA:6,1,0,0
BRDA:6,1,1,0
BRDA:11,2,0,0
BRDA:11,2,1,4
BRDA:14,3,0,0
BRDA:14,3,1,4
BRDA:22,4,0,4
BRDA:22,4,1,0
BRF:10
BRH:3
end_of_record
TN:
SF:backend\models\Cart.js
FNF:0
FNH:0
DA:1,1
DA:3,1
DA:25,1
DA:26,1
LF:4
LH:4
BRF:0
BRH:0
end_of_record
TN:
SF:backend\models\Product.js
FNF:0
FNH:0
DA:1,1
DA:3,1
DA:26,1
DA:28,1
LF:4
LH:4
BRF:0
BRH:0
end_of_record
TN:
SF:backend\models\User.js
FNF:0
FNH:0
DA:1,2
DA:3,2
DA:21,2
DA:22,2
LF:4
LH:4
BRF:0
BRH:0
end_of_record
TN:
SF:backend\routes\cartRoutes.js
FNF:0
FNH:0
DA:1,1
DA:7,1
DA:8,1
DA:9,1
DA:11,1
DA:16,1
DA:18,1
LF:7
LH:7
BRF:0
BRH:0
end_of_record
TN:
SF:backend\routes\productRoutes.js
FNF:0
FNH:0
DA:1,1
DA:2,1
DA:6,1
DA:8,1
DA:9,1
DA:11,1
LF:6
LH:6
BRF:0
BRH:0
end_of_record
TN:
SF:backend\routes\routesCartApp.js
FN:1,(anonymous_0)
FNF:1
FNH:1
FNDA:1,(anonymous_0)
DA:1,1
DA:2,1
LF:2
LH:2
BRF:0
BRH:0
end_of_record
TN:
SF:backend\routes\routesProductsApp.js
FN:1,(anonymous_0)
FNF:1
FNH:1
FNDA:1,(anonymous_0)
DA:1,1
DA:2,1
LF:2
LH:2
BRF:0
BRH:0
end_of_record
TN:
SF:backend\routes\routesUsersApp.js
FN:1,(anonymous_0)
FNF:1
FNH:1
FNDA:2,(anonymous_0)
DA:1,2
DA:2,2
LF:2
LH:2
BRF:0
BRH:0
end_of_record
TN:
SF:backend\routes\userRoutes.js
FNF:0
FNH:0
DA:1,2
DA:7,2
DA:8,2
DA:9,2
DA:11,2
DA:12,2
DA:13,2
DA:15,2
DA:17,2
LF:9
LH:9
BRF:0
BRH:0
end_of_record
TN:
SF:backend\utils\utility.function.js
FN:6,(anonymous_0)
FN:7,(anonymous_1)
FN:8,(anonymous_2)
FN:18,(anonymous_3)
FN:24,(anonymous_4)
FN:25,(anonymous_5)
FN:26,(anonymous_6)
FNF:7
FNH:7
FNDA:2,(anonymous_0)
FNDA:2,(anonymous_1)
FNDA:2,(anonymous_2)
FNDA:2,(anonymous_3)
FNDA:4,(anonymous_4)
FNDA:4,(anonymous_5)
FNDA:4,(anonymous_6)
DA:1,2
DA:2,2
DA:3,2
DA:6,2
DA:7,2
DA:8,2
DA:9,2
DA:10,0
DA:13,2
DA:18,2
DA:19,2
DA:24,2
DA:25,4
DA:26,4
DA:27,4
DA:28,4
DA:32,2
LF:17
LH:16
BRDA:9,0,0,0
BRDA:9,0,1,2
BRDA:27,1,0,0
BRDA:27,1,1,4
BRF:4
BRH:2
end_of_record
