<?xml version="1.0" encoding="UTF-8"?>
<coverage generated="1714628186765" clover="3.2.0">
  <project timestamp="1714628186766" name="All files">
    <metrics statements="2" coveredstatements="2" conditionals="0" coveredconditionals="0" methods="1" coveredmethods="1" elements="3" coveredelements="3" complexity="0" loc="2" ncloc="2" packages="1" files="1" classes="1"/>
    <file name="sum.js" path="C:\Users\16103\Downloads\Quinnipiac-2023-2024\Spring-Semester\SER330\Final Project\e-commerce-store\e-comerce-frontend\src\sum.js">
      <metrics statements="2" coveredstatements="2" conditionals="0" coveredconditionals="0" methods="1" coveredmethods="1"/>
      <line num="2" count="1" type="stmt"/>
      <line num="4" count="1" type="stmt"/>
    </file>
  </project>
</coverage>
